  AssetManager.cpp
  Components.cpp
p:\github\tictactoe\mytictactoe\src\cpp\components.cpp(36): warning C4244: 'argument': conversion from 'T' to 'T', possible loss of data
          with
          [
              T=float
          ]
          and
          [
              T=int
          ]
p:\github\tictactoe\mytictactoe\src\cpp\components.cpp(36): warning C4244: 'argument': conversion from 'const T' to 'T', possible loss of data
          with
          [
              T=float
          ]
          and
          [
              T=int
          ]
p:\github\tictactoe\mytictactoe\src\cpp\components.cpp(40): warning C4244: 'argument': conversion from 'T' to 'float', possible loss of data
          with
          [
              T=int
          ]
  Game.cpp
  InputManager.cpp
p:\github\tictactoe\mytictactoe\src\cpp\inputmanager.cpp(14): warning C4244: 'argument': conversion from 'T' to 'T', possible loss of data
          with
          [
              T=float
          ]
          and
          [
              T=int
          ]
p:\github\tictactoe\mytictactoe\src\cpp\inputmanager.cpp(13): warning C4244: 'argument': conversion from 'T' to 'T', possible loss of data
          with
          [
              T=float
          ]
          and
          [
              T=int
          ]
p:\github\tictactoe\mytictactoe\src\cpp\inputmanager.cpp(13): warning C4244: 'argument': conversion from 'const T' to 'T', possible loss of data
          with
          [
              T=float
          ]
          and
          [
              T=int
          ]
p:\github\tictactoe\mytictactoe\src\cpp\inputmanager.cpp(12): warning C4244: 'argument': conversion from 'const T' to 'T', possible loss of data
          with
          [
              T=float
          ]
          and
          [
              T=int
          ]
p:\github\tictactoe\mytictactoe\src\cpp\inputmanager.cpp(33): warning C4244: 'argument': conversion from 'T' to 'T', possible loss of data
          with
          [
              T=float
          ]
          and
          [
              T=int
          ]
p:\github\tictactoe\mytictactoe\src\cpp\inputmanager.cpp(32): warning C4244: 'argument': conversion from 'T' to 'T', possible loss of data
          with
          [
              T=float
          ]
          and
          [
              T=int
          ]
p:\github\tictactoe\mytictactoe\src\cpp\inputmanager.cpp(32): warning C4244: 'argument': conversion from 'const T' to 'T', possible loss of data
          with
          [
              T=float
          ]
          and
          [
              T=int
          ]
p:\github\tictactoe\mytictactoe\src\cpp\inputmanager.cpp(31): warning C4244: 'argument': conversion from 'const T' to 'T', possible loss of data
          with
          [
              T=float
          ]
          and
          [
              T=int
          ]
  Main.cpp
  MusicManager.cpp
  SoundManager.cpp
  StateMachine.cpp
  GameOverState.cpp
  GameState1P.cpp
  GameState2P.cpp
  MainMenuState.cpp
  PauseState.cpp
  SettingsState.cpp
p:\github\tictactoe\mytictactoe\src\cpp\states\settingsstate.cpp(95): warning C4305: 'argument': truncation from 'double' to 'float'
p:\github\tictactoe\mytictactoe\src\cpp\states\settingsstate.cpp(96): warning C4305: 'argument': truncation from 'double' to 'float'
p:\github\tictactoe\mytictactoe\src\cpp\states\settingsstate.cpp(178): warning C4244: 'argument': conversion from 'T' to 'T', possible loss of data
          with
          [
              T=float
          ]
          and
          [
              T=int
          ]
p:\github\tictactoe\mytictactoe\src\cpp\states\settingsstate.cpp(177): warning C4244: 'argument': conversion from 'T' to 'T', possible loss of data
          with
          [
              T=float
          ]
          and
          [
              T=int
          ]
p:\github\tictactoe\mytictactoe\src\cpp\states\settingsstate.cpp(191): warning C4244: 'argument': conversion from 'T' to 'T', possible loss of data
          with
          [
              T=float
          ]
          and
          [
              T=int
          ]
p:\github\tictactoe\mytictactoe\src\cpp\states\settingsstate.cpp(190): warning C4244: 'argument': conversion from 'T' to 'T', possible loss of data
          with
          [
              T=float
          ]
          and
          [
              T=int
          ]
p:\github\tictactoe\mytictactoe\src\cpp\states\settingsstate.cpp(204): warning C4244: 'argument': conversion from 'T' to 'T', possible loss of data
          with
          [
              T=float
          ]
          and
          [
              T=int
          ]
p:\github\tictactoe\mytictactoe\src\cpp\states\settingsstate.cpp(203): warning C4244: 'argument': conversion from 'T' to 'T', possible loss of data
          with
          [
              T=float
          ]
          and
          [
              T=int
          ]
  SplashState.cpp
  Generating Code...
  MyTicTacToe.vcxproj -> P:\GitHub\TicTacToe\x64\Debug\MyTicTacToe.exe
