p:\github\tictactoe\mytictactoe\x64\debug\vc141.pdb
p:\github\tictactoe\mytictactoe\x64\debug\vc141.idb
p:\github\tictactoe\mytictactoe\x64\debug\splashstate.obj
p:\github\tictactoe\mytictactoe\x64\debug\pausestate.obj
p:\github\tictactoe\mytictactoe\x64\debug\mainmenustate.obj
p:\github\tictactoe\mytictactoe\x64\debug\gamestate2p.obj
p:\github\tictactoe\mytictactoe\x64\debug\gameoverstate.obj
p:\github\tictactoe\mytictactoe\x64\debug\statemachine.obj
p:\github\tictactoe\mytictactoe\x64\debug\soundmanager.obj
p:\github\tictactoe\mytictactoe\x64\debug\main.obj
p:\github\tictactoe\mytictactoe\x64\debug\inputmanager.obj
p:\github\tictactoe\mytictactoe\x64\debug\game.obj
p:\github\tictactoe\mytictactoe\x64\debug\assetmanager.obj
p:\github\tictactoe\mytictactoe\x64\debug\musicmanager.obj
p:\github\tictactoe\mytictactoe\x64\debug\settingsstate.obj
p:\github\tictactoe\x64\debug\mytictactoe.exe
p:\github\tictactoe\x64\debug\mytictactoe.ilk
p:\github\tictactoe\x64\debug\mytictactoe.pdb
p:\github\tictactoe\mytictactoe\x64\debug\mytictactoe.tlog\cl.command.1.tlog
p:\github\tictactoe\mytictactoe\x64\debug\mytictactoe.tlog\cl.read.1.tlog
p:\github\tictactoe\mytictactoe\x64\debug\mytictactoe.tlog\cl.write.1.tlog
p:\github\tictactoe\mytictactoe\x64\debug\mytictactoe.tlog\link.command.1.tlog
p:\github\tictactoe\mytictactoe\x64\debug\mytictactoe.tlog\link.read.1.tlog
p:\github\tictactoe\mytictactoe\x64\debug\mytictactoe.tlog\link.write.1.tlog
