  AssetManager.cpp
p:\visualc++\projects\mytictactoe\mytictactoe\src\cpp\assetmanager.cpp(1): fatal error C1083: Cannot open include file: 'src/hpp/AssetManager.hpp': No such file or directory
  Game.cpp
p:\visualc++\projects\mytictactoe\mytictactoe\src\cpp\game.cpp(1): fatal error C1083: Cannot open include file: 'src/hpp/Game.hpp': No such file or directory
  InputManager.cpp
p:\visualc++\projects\mytictactoe\mytictactoe\src\cpp\inputmanager.cpp(1): fatal error C1083: Cannot open include file: 'src/hpp/InputManager.hpp': No such file or directory
  Main.cpp
p:\visualc++\projects\mytictactoe\mytictactoe\src\cpp\main.cpp(3): fatal error C1083: Cannot open include file: 'src/hpp/Game.hpp': No such file or directory
  SoundManager.cpp
p:\visualc++\projects\mytictactoe\mytictactoe\src\cpp\soundmanager.cpp(1): fatal error C1083: Cannot open include file: 'src/hpp/SoundManager.hpp': No such file or directory
  StateMachine.cpp
p:\visualc++\projects\mytictactoe\mytictactoe\src\cpp\statemachine.cpp(1): fatal error C1083: Cannot open include file: 'src/hpp/StateMachine.hpp': No such file or directory
  GameOverState.cpp
p:\visualc++\projects\mytictactoe\mytictactoe\src\cpp\states\gameoverstate.cpp(4): fatal error C1083: Cannot open include file: 'src/hpp/DEFINITIONS.hpp': No such file or directory
  GameState2P.cpp
p:\visualc++\projects\mytictactoe\mytictactoe\src\cpp\states\gamestate2p.cpp(4): fatal error C1083: Cannot open include file: 'src/hpp/DEFINITIONS.hpp': No such file or directory
  MainMenuState.cpp
p:\visualc++\projects\mytictactoe\mytictactoe\src\cpp\states\mainmenustate.cpp(4): fatal error C1083: Cannot open include file: 'src/hpp/DEFINITIONS.hpp': No such file or directory
  PauseState.cpp
p:\visualc++\projects\mytictactoe\mytictactoe\src\cpp\states\pausestate.cpp(4): fatal error C1083: Cannot open include file: 'src/hpp/DEFINITIONS.hpp': No such file or directory
  SplashState.cpp
p:\visualc++\projects\mytictactoe\mytictactoe\src\cpp\states\splashstate.cpp(4): fatal error C1083: Cannot open include file: 'src/hpp/DEFINITIONS.hpp': No such file or directory
  Generating Code...
